[20-Oct-2023 09:06:28 UTC] PHP Warning:  Attempt to read property "title" on null in C:\Users\Lenovo\Local Sites\artistsbywidad\app\public\wp-includes\class-wp-customize-widgets.php on line 905
[20-Oct-2023 10:45:51 UTC] PHP Warning:  Undefined array key "music_release_date" in C:\Users\Lenovo\Local Sites\artistsbywidad\app\public\wp-content\plugins\music-plugin\music-plugin.php on line 69
[20-Oct-2023 10:46:06 UTC] PHP Warning:  Undefined array key "music_release_date" in C:\Users\Lenovo\Local Sites\artistsbywidad\app\public\wp-content\plugins\music-plugin\music-plugin.php on line 69
[20-Oct-2023 10:50:32 UTC] PHP Warning:  Attempt to read property "title" on null in C:\Users\Lenovo\Local Sites\artistsbywidad\app\public\wp-includes\class-wp-customize-widgets.php on line 905
[20-Oct-2023 11:02:43 UTC] PHP Warning:  Undefined array key "music_release_date" in C:\Users\Lenovo\Local Sites\artistsbywidad\app\public\wp-content\plugins\music-plugin\music-plugin.php on line 69
[20-Oct-2023 11:02:54 UTC] PHP Warning:  Undefined array key "music_release_date" in C:\Users\Lenovo\Local Sites\artistsbywidad\app\public\wp-content\plugins\music-plugin\music-plugin.php on line 69
[20-Oct-2023 11:03:51 UTC] PHP Warning:  Undefined array key "music_release_date" in C:\Users\Lenovo\Local Sites\artistsbywidad\app\public\wp-content\plugins\music-plugin\music-plugin.php on line 69
[20-Oct-2023 11:04:00 UTC] PHP Warning:  Undefined array key "music_release_date" in C:\Users\Lenovo\Local Sites\artistsbywidad\app\public\wp-content\plugins\music-plugin\music-plugin.php on line 69
[20-Oct-2023 11:28:48 UTC] PHP Warning:  Undefined array key "music_release_date" in C:\Users\Lenovo\Local Sites\artistsbywidad\app\public\wp-content\plugins\music-plugin\music-plugin.php on line 69
[20-Oct-2023 11:30:30 UTC] PHP Warning:  Undefined array key "music_release_date" in C:\Users\Lenovo\Local Sites\artistsbywidad\app\public\wp-content\plugins\music-plugin\music-plugin.php on line 69
[20-Oct-2023 11:31:20 UTC] PHP Warning:  Undefined array key "music_release_date" in C:\Users\Lenovo\Local Sites\artistsbywidad\app\public\wp-content\plugins\music-plugin\music-plugin.php on line 69
[20-Oct-2023 11:31:20 UTC] PHP Warning:  Undefined array key "music_release_date" in C:\Users\Lenovo\Local Sites\artistsbywidad\app\public\wp-content\plugins\music-plugin\music-plugin.php on line 69
[20-Oct-2023 11:31:20 UTC] PHP Warning:  Undefined array key "music_release_date" in C:\Users\Lenovo\Local Sites\artistsbywidad\app\public\wp-content\plugins\music-plugin\music-plugin.php on line 69
[20-Oct-2023 11:34:26 UTC] PHP Warning:  Undefined array key "music_release_date" in C:\Users\Lenovo\Local Sites\artistsbywidad\app\public\wp-content\plugins\music-plugin\music-plugin.php on line 69
[20-Oct-2023 11:37:01 UTC] PHP Warning:  Undefined array key "music_release_date" in C:\Users\Lenovo\Local Sites\artistsbywidad\app\public\wp-content\plugins\music-plugin\music-plugin.php on line 69
[20-Oct-2023 11:37:03 UTC] PHP Warning:  Undefined array key "music_release_date" in C:\Users\Lenovo\Local Sites\artistsbywidad\app\public\wp-content\plugins\music-plugin\music-plugin.php on line 69
[20-Oct-2023 11:37:03 UTC] PHP Warning:  Undefined array key "music_release_date" in C:\Users\Lenovo\Local Sites\artistsbywidad\app\public\wp-content\plugins\music-plugin\music-plugin.php on line 69
[20-Oct-2023 11:37:22 UTC] PHP Warning:  Undefined array key "music_release_date" in C:\Users\Lenovo\Local Sites\artistsbywidad\app\public\wp-content\plugins\music-plugin\music-plugin.php on line 69
[20-Oct-2023 11:37:22 UTC] PHP Warning:  Undefined array key "music_release_date" in C:\Users\Lenovo\Local Sites\artistsbywidad\app\public\wp-content\plugins\music-plugin\music-plugin.php on line 69
[20-Oct-2023 12:28:01 UTC] PHP Fatal error:  Uncaught Error: Object of class WP_Error could not be converted to string in C:\Users\Lenovo\Local Sites\artistsbywidad\app\public\wp-content\themes\themeWidad\header.php:15
Stack trace:
#0 C:\Users\Lenovo\Local Sites\artistsbywidad\app\public\wp-includes\template.php(785): require_once()
#1 C:\Users\Lenovo\Local Sites\artistsbywidad\app\public\wp-includes\template.php(720): load_template('C:\\Users\\Lenovo...', true, Array)
#2 C:\Users\Lenovo\Local Sites\artistsbywidad\app\public\wp-includes\general-template.php(48): locate_template(Array, true, true, Array)
#3 C:\Users\Lenovo\Local Sites\artistsbywidad\app\public\wp-content\themes\themeWidad\index.php(1): get_header()
#4 C:\Users\Lenovo\Local Sites\artistsbywidad\app\public\wp-includes\template-loader.php(106): include('C:\\Users\\Lenovo...')
#5 C:\Users\Lenovo\Local Sites\artistsbywidad\app\public\wp-blog-header.php(19): require_once('C:\\Users\\Lenovo...')
#6 C:\Users\Lenovo\Local Sites\artistsbywidad\app\public\index.php(17): require('C:\\Users\\Lenovo...')
#7 {main}
  thrown in C:\Users\Lenovo\Local Sites\artistsbywidad\app\public\wp-content\themes\themeWidad\header.php on line 15
[20-Oct-2023 12:28:02 UTC] PHP Fatal error:  Uncaught Error: Object of class WP_Error could not be converted to string in C:\Users\Lenovo\Local Sites\artistsbywidad\app\public\wp-content\themes\themeWidad\header.php:15
Stack trace:
#0 C:\Users\Lenovo\Local Sites\artistsbywidad\app\public\wp-includes\template.php(785): require_once()
#1 C:\Users\Lenovo\Local Sites\artistsbywidad\app\public\wp-includes\template.php(720): load_template('C:\\Users\\Lenovo...', true, Array)
#2 C:\Users\Lenovo\Local Sites\artistsbywidad\app\public\wp-includes\general-template.php(48): locate_template(Array, true, true, Array)
#3 C:\Users\Lenovo\Local Sites\artistsbywidad\app\public\wp-content\themes\themeWidad\index.php(1): get_header()
#4 C:\Users\Lenovo\Local Sites\artistsbywidad\app\public\wp-includes\template-loader.php(106): include('C:\\Users\\Lenovo...')
#5 C:\Users\Lenovo\Local Sites\artistsbywidad\app\public\wp-blog-header.php(19): require_once('C:\\Users\\Lenovo...')
#6 C:\Users\Lenovo\Local Sites\artistsbywidad\app\public\index.php(17): require('C:\\Users\\Lenovo...')
#7 {main}
  thrown in C:\Users\Lenovo\Local Sites\artistsbywidad\app\public\wp-content\themes\themeWidad\header.php on line 15
[20-Oct-2023 12:28:04 UTC] PHP Fatal error:  Uncaught Error: Object of class WP_Error could not be converted to string in C:\Users\Lenovo\Local Sites\artistsbywidad\app\public\wp-content\themes\themeWidad\header.php:15
Stack trace:
#0 C:\Users\Lenovo\Local Sites\artistsbywidad\app\public\wp-includes\template.php(785): require_once()
#1 C:\Users\Lenovo\Local Sites\artistsbywidad\app\public\wp-includes\template.php(720): load_template('C:\\Users\\Lenovo...', true, Array)
#2 C:\Users\Lenovo\Local Sites\artistsbywidad\app\public\wp-includes\general-template.php(48): locate_template(Array, true, true, Array)
#3 C:\Users\Lenovo\Local Sites\artistsbywidad\app\public\wp-content\themes\themeWidad\index.php(1): get_header()
#4 C:\Users\Lenovo\Local Sites\artistsbywidad\app\public\wp-includes\template-loader.php(106): include('C:\\Users\\Lenovo...')
#5 C:\Users\Lenovo\Local Sites\artistsbywidad\app\public\wp-blog-header.php(19): require_once('C:\\Users\\Lenovo...')
#6 C:\Users\Lenovo\Local Sites\artistsbywidad\app\public\index.php(17): require('C:\\Users\\Lenovo...')
#7 {main}
  thrown in C:\Users\Lenovo\Local Sites\artistsbywidad\app\public\wp-content\themes\themeWidad\header.php on line 15
[20-Oct-2023 12:28:05 UTC] PHP Fatal error:  Uncaught Error: Object of class WP_Error could not be converted to string in C:\Users\Lenovo\Local Sites\artistsbywidad\app\public\wp-content\themes\themeWidad\header.php:15
Stack trace:
#0 C:\Users\Lenovo\Local Sites\artistsbywidad\app\public\wp-includes\template.php(785): require_once()
#1 C:\Users\Lenovo\Local Sites\artistsbywidad\app\public\wp-includes\template.php(720): load_template('C:\\Users\\Lenovo...', true, Array)
#2 C:\Users\Lenovo\Local Sites\artistsbywidad\app\public\wp-includes\general-template.php(48): locate_template(Array, true, true, Array)
#3 C:\Users\Lenovo\Local Sites\artistsbywidad\app\public\wp-content\themes\themeWidad\index.php(1): get_header()
#4 C:\Users\Lenovo\Local Sites\artistsbywidad\app\public\wp-includes\template-loader.php(106): include('C:\\Users\\Lenovo...')
#5 C:\Users\Lenovo\Local Sites\artistsbywidad\app\public\wp-blog-header.php(19): require_once('C:\\Users\\Lenovo...')
#6 C:\Users\Lenovo\Local Sites\artistsbywidad\app\public\index.php(17): require('C:\\Users\\Lenovo...')
#7 {main}
  thrown in C:\Users\Lenovo\Local Sites\artistsbywidad\app\public\wp-content\themes\themeWidad\header.php on line 15
[20-Oct-2023 12:28:07 UTC] PHP Fatal error:  Uncaught Error: Object of class WP_Error could not be converted to string in C:\Users\Lenovo\Local Sites\artistsbywidad\app\public\wp-content\themes\themeWidad\header.php:15
Stack trace:
#0 C:\Users\Lenovo\Local Sites\artistsbywidad\app\public\wp-includes\template.php(785): require_once()
#1 C:\Users\Lenovo\Local Sites\artistsbywidad\app\public\wp-includes\template.php(720): load_template('C:\\Users\\Lenovo...', true, Array)
#2 C:\Users\Lenovo\Local Sites\artistsbywidad\app\public\wp-includes\general-template.php(48): locate_template(Array, true, true, Array)
#3 C:\Users\Lenovo\Local Sites\artistsbywidad\app\public\wp-content\themes\themeWidad\index.php(1): get_header()
#4 C:\Users\Lenovo\Local Sites\artistsbywidad\app\public\wp-includes\template-loader.php(106): include('C:\\Users\\Lenovo...')
#5 C:\Users\Lenovo\Local Sites\artistsbywidad\app\public\wp-blog-header.php(19): require_once('C:\\Users\\Lenovo...')
#6 C:\Users\Lenovo\Local Sites\artistsbywidad\app\public\index.php(17): require('C:\\Users\\Lenovo...')
#7 {main}
  thrown in C:\Users\Lenovo\Local Sites\artistsbywidad\app\public\wp-content\themes\themeWidad\header.php on line 15
[20-Oct-2023 12:28:11 UTC] PHP Fatal error:  Uncaught Error: Object of class WP_Error could not be converted to string in C:\Users\Lenovo\Local Sites\artistsbywidad\app\public\wp-content\themes\themeWidad\header.php:15
Stack trace:
#0 C:\Users\Lenovo\Local Sites\artistsbywidad\app\public\wp-includes\template.php(785): require_once()
#1 C:\Users\Lenovo\Local Sites\artistsbywidad\app\public\wp-includes\template.php(720): load_template('C:\\Users\\Lenovo...', true, Array)
#2 C:\Users\Lenovo\Local Sites\artistsbywidad\app\public\wp-includes\general-template.php(48): locate_template(Array, true, true, Array)
#3 C:\Users\Lenovo\Local Sites\artistsbywidad\app\public\wp-content\themes\themeWidad\index.php(1): get_header()
#4 C:\Users\Lenovo\Local Sites\artistsbywidad\app\public\wp-includes\template-loader.php(106): include('C:\\Users\\Lenovo...')
#5 C:\Users\Lenovo\Local Sites\artistsbywidad\app\public\wp-blog-header.php(19): require_once('C:\\Users\\Lenovo...')
#6 C:\Users\Lenovo\Local Sites\artistsbywidad\app\public\index.php(17): require('C:\\Users\\Lenovo...')
#7 {main}
  thrown in C:\Users\Lenovo\Local Sites\artistsbywidad\app\public\wp-content\themes\themeWidad\header.php on line 15
[20-Oct-2023 12:29:48 UTC] PHP Fatal error:  Uncaught Error: Object of class WP_Error could not be converted to string in C:\Users\Lenovo\Local Sites\artistsbywidad\app\public\wp-content\themes\themeWidad\header.php:15
Stack trace:
#0 C:\Users\Lenovo\Local Sites\artistsbywidad\app\public\wp-includes\template.php(785): require_once()
#1 C:\Users\Lenovo\Local Sites\artistsbywidad\app\public\wp-includes\template.php(720): load_template('C:\\Users\\Lenovo...', true, Array)
#2 C:\Users\Lenovo\Local Sites\artistsbywidad\app\public\wp-includes\general-template.php(48): locate_template(Array, true, true, Array)
#3 C:\Users\Lenovo\Local Sites\artistsbywidad\app\public\wp-content\themes\themeWidad\index.php(1): get_header()
#4 C:\Users\Lenovo\Local Sites\artistsbywidad\app\public\wp-includes\template-loader.php(106): include('C:\\Users\\Lenovo...')
#5 C:\Users\Lenovo\Local Sites\artistsbywidad\app\public\wp-blog-header.php(19): require_once('C:\\Users\\Lenovo...')
#6 C:\Users\Lenovo\Local Sites\artistsbywidad\app\public\index.php(17): require('C:\\Users\\Lenovo...')
#7 {main}
  thrown in C:\Users\Lenovo\Local Sites\artistsbywidad\app\public\wp-content\themes\themeWidad\header.php on line 15
[20-Oct-2023 12:29:49 UTC] PHP Fatal error:  Uncaught Error: Object of class WP_Error could not be converted to string in C:\Users\Lenovo\Local Sites\artistsbywidad\app\public\wp-content\themes\themeWidad\header.php:15
Stack trace:
#0 C:\Users\Lenovo\Local Sites\artistsbywidad\app\public\wp-includes\template.php(785): require_once()
#1 C:\Users\Lenovo\Local Sites\artistsbywidad\app\public\wp-includes\template.php(720): load_template('C:\\Users\\Lenovo...', true, Array)
#2 C:\Users\Lenovo\Local Sites\artistsbywidad\app\public\wp-includes\general-template.php(48): locate_template(Array, true, true, Array)
#3 C:\Users\Lenovo\Local Sites\artistsbywidad\app\public\wp-content\themes\themeWidad\index.php(1): get_header()
#4 C:\Users\Lenovo\Local Sites\artistsbywidad\app\public\wp-includes\template-loader.php(106): include('C:\\Users\\Lenovo...')
#5 C:\Users\Lenovo\Local Sites\artistsbywidad\app\public\wp-blog-header.php(19): require_once('C:\\Users\\Lenovo...')
#6 C:\Users\Lenovo\Local Sites\artistsbywidad\app\public\index.php(17): require('C:\\Users\\Lenovo...')
#7 {main}
  thrown in C:\Users\Lenovo\Local Sites\artistsbywidad\app\public\wp-content\themes\themeWidad\header.php on line 15
[20-Oct-2023 12:29:50 UTC] PHP Fatal error:  Uncaught Error: Object of class WP_Error could not be converted to string in C:\Users\Lenovo\Local Sites\artistsbywidad\app\public\wp-content\themes\themeWidad\header.php:15
Stack trace:
#0 C:\Users\Lenovo\Local Sites\artistsbywidad\app\public\wp-includes\template.php(785): require_once()
#1 C:\Users\Lenovo\Local Sites\artistsbywidad\app\public\wp-includes\template.php(720): load_template('C:\\Users\\Lenovo...', true, Array)
#2 C:\Users\Lenovo\Local Sites\artistsbywidad\app\public\wp-includes\general-template.php(48): locate_template(Array, true, true, Array)
#3 C:\Users\Lenovo\Local Sites\artistsbywidad\app\public\wp-content\themes\themeWidad\index.php(1): get_header()
#4 C:\Users\Lenovo\Local Sites\artistsbywidad\app\public\wp-includes\template-loader.php(106): include('C:\\Users\\Lenovo...')
#5 C:\Users\Lenovo\Local Sites\artistsbywidad\app\public\wp-blog-header.php(19): require_once('C:\\Users\\Lenovo...')
#6 C:\Users\Lenovo\Local Sites\artistsbywidad\app\public\index.php(17): require('C:\\Users\\Lenovo...')
#7 {main}
  thrown in C:\Users\Lenovo\Local Sites\artistsbywidad\app\public\wp-content\themes\themeWidad\header.php on line 15
[20-Oct-2023 12:29:51 UTC] PHP Fatal error:  Uncaught Error: Object of class WP_Error could not be converted to string in C:\Users\Lenovo\Local Sites\artistsbywidad\app\public\wp-content\themes\themeWidad\header.php:15
Stack trace:
#0 C:\Users\Lenovo\Local Sites\artistsbywidad\app\public\wp-includes\template.php(785): require_once()
#1 C:\Users\Lenovo\Local Sites\artistsbywidad\app\public\wp-includes\template.php(720): load_template('C:\\Users\\Lenovo...', true, Array)
#2 C:\Users\Lenovo\Local Sites\artistsbywidad\app\public\wp-includes\general-template.php(48): locate_template(Array, true, true, Array)
#3 C:\Users\Lenovo\Local Sites\artistsbywidad\app\public\wp-content\themes\themeWidad\index.php(1): get_header()
#4 C:\Users\Lenovo\Local Sites\artistsbywidad\app\public\wp-includes\template-loader.php(106): include('C:\\Users\\Lenovo...')
#5 C:\Users\Lenovo\Local Sites\artistsbywidad\app\public\wp-blog-header.php(19): require_once('C:\\Users\\Lenovo...')
#6 C:\Users\Lenovo\Local Sites\artistsbywidad\app\public\index.php(17): require('C:\\Users\\Lenovo...')
#7 {main}
  thrown in C:\Users\Lenovo\Local Sites\artistsbywidad\app\public\wp-content\themes\themeWidad\header.php on line 15
[20-Oct-2023 12:31:16 UTC] PHP Fatal error:  Uncaught Error: Object of class WP_Error could not be converted to string in C:\Users\Lenovo\Local Sites\artistsbywidad\app\public\wp-content\themes\themeWidad\header.php:15
Stack trace:
#0 C:\Users\Lenovo\Local Sites\artistsbywidad\app\public\wp-includes\template.php(785): require_once()
#1 C:\Users\Lenovo\Local Sites\artistsbywidad\app\public\wp-includes\template.php(720): load_template('C:\\Users\\Lenovo...', true, Array)
#2 C:\Users\Lenovo\Local Sites\artistsbywidad\app\public\wp-includes\general-template.php(48): locate_template(Array, true, true, Array)
#3 C:\Users\Lenovo\Local Sites\artistsbywidad\app\public\wp-content\themes\themeWidad\index.php(1): get_header()
#4 C:\Users\Lenovo\Local Sites\artistsbywidad\app\public\wp-includes\template-loader.php(106): include('C:\\Users\\Lenovo...')
#5 C:\Users\Lenovo\Local Sites\artistsbywidad\app\public\wp-blog-header.php(19): require_once('C:\\Users\\Lenovo...')
#6 C:\Users\Lenovo\Local Sites\artistsbywidad\app\public\index.php(17): require('C:\\Users\\Lenovo...')
#7 {main}
  thrown in C:\Users\Lenovo\Local Sites\artistsbywidad\app\public\wp-content\themes\themeWidad\header.php on line 15
[20-Oct-2023 13:05:31 UTC] PHP Warning:  Attempt to read property "title" on null in C:\Users\Lenovo\Local Sites\artistsbywidad\app\public\wp-includes\class-wp-customize-widgets.php on line 905
[20-Oct-2023 13:06:35 UTC] PHP Warning:  Attempt to read property "title" on null in C:\Users\Lenovo\Local Sites\artistsbywidad\app\public\wp-includes\class-wp-customize-widgets.php on line 905
[20-Oct-2023 13:30:19 UTC] PHP Warning:  Attempt to read property "title" on null in C:\Users\Lenovo\Local Sites\artistsbywidad\app\public\wp-includes\class-wp-customize-widgets.php on line 905
[20-Oct-2023 13:47:32 UTC] PHP Warning:  Attempt to read property "term_id" on bool in C:\Users\Lenovo\Local Sites\artistsbywidad\app\public\wp-content\themes\themeWidad\index.php on line 6
[20-Oct-2023 13:47:32 UTC] PHP Warning:  foreach() argument must be of type array|object, bool given in C:\Users\Lenovo\Local Sites\artistsbywidad\app\public\wp-content\themes\themeWidad\index.php on line 9
[20-Oct-2023 13:50:20 UTC] PHP Warning:  Attempt to read property "term_id" on bool in C:\Users\Lenovo\Local Sites\artistsbywidad\app\public\wp-content\themes\themeWidad\index.php on line 6
[20-Oct-2023 13:50:20 UTC] PHP Warning:  foreach() argument must be of type array|object, bool given in C:\Users\Lenovo\Local Sites\artistsbywidad\app\public\wp-content\themes\themeWidad\index.php on line 9
[20-Oct-2023 14:52:22 UTC] PHP Warning:  Attempt to read property "term_id" on bool in C:\Users\Lenovo\Local Sites\artistsbywidad\app\public\wp-content\themes\themeWidad\index.php on line 6
[20-Oct-2023 14:52:22 UTC] PHP Warning:  foreach() argument must be of type array|object, bool given in C:\Users\Lenovo\Local Sites\artistsbywidad\app\public\wp-content\themes\themeWidad\index.php on line 9
[20-Oct-2023 14:55:33 UTC] PHP Warning:  Attempt to read property "term_id" on bool in C:\Users\Lenovo\Local Sites\artistsbywidad\app\public\wp-content\themes\themeWidad\index.php on line 6
[20-Oct-2023 14:55:33 UTC] PHP Warning:  foreach() argument must be of type array|object, bool given in C:\Users\Lenovo\Local Sites\artistsbywidad\app\public\wp-content\themes\themeWidad\index.php on line 9
[20-Oct-2023 15:00:45 UTC] Cron unschedule event error for hook: do_pings, Error code: could_not_set, Error message: The cron event list could not be saved., Data: {"schedule":false,"args":[]}
[20-Oct-2023 15:58:41 UTC] PHP Warning:  Attempt to read property "title" on null in C:\Users\Lenovo\Local Sites\artistsbywidad\app\public\wp-includes\class-wp-customize-widgets.php on line 905
[21-Oct-2023 07:46:41 UTC] PHP Warning:  Undefined property: stdClass::$theme_location in C:\Users\Lenovo\Local Sites\artistsbywidad\app\public\wp-content\themes\themeWidad\functions.php on line 35
[21-Oct-2023 07:47:13 UTC] PHP Warning:  Undefined property: stdClass::$theme_location in C:\Users\Lenovo\Local Sites\artistsbywidad\app\public\wp-content\themes\themeWidad\functions.php on line 35
[21-Oct-2023 07:49:51 UTC] PHP Warning:  Undefined property: stdClass::$theme_location in C:\Users\Lenovo\Local Sites\artistsbywidad\app\public\wp-content\themes\themeWidad\functions.php on line 35
[21-Oct-2023 07:49:56 UTC] PHP Warning:  Undefined property: stdClass::$theme_location in C:\Users\Lenovo\Local Sites\artistsbywidad\app\public\wp-content\themes\themeWidad\functions.php on line 35
[21-Oct-2023 07:50:16 UTC] PHP Warning:  Undefined property: stdClass::$theme_location in C:\Users\Lenovo\Local Sites\artistsbywidad\app\public\wp-content\themes\themeWidad\functions.php on line 35
[21-Oct-2023 07:50:34 UTC] PHP Warning:  Undefined property: stdClass::$theme_location in C:\Users\Lenovo\Local Sites\artistsbywidad\app\public\wp-content\themes\themeWidad\functions.php on line 35
[21-Oct-2023 07:50:46 UTC] PHP Warning:  Undefined property: stdClass::$theme_location in C:\Users\Lenovo\Local Sites\artistsbywidad\app\public\wp-content\themes\themeWidad\functions.php on line 35
[21-Oct-2023 07:51:09 UTC] PHP Warning:  Undefined property: stdClass::$theme_location in C:\Users\Lenovo\Local Sites\artistsbywidad\app\public\wp-content\themes\themeWidad\functions.php on line 35
[21-Oct-2023 07:51:52 UTC] PHP Warning:  Undefined property: stdClass::$theme_location in C:\Users\Lenovo\Local Sites\artistsbywidad\app\public\wp-content\themes\themeWidad\functions.php on line 35
[21-Oct-2023 07:51:53 UTC] PHP Warning:  Undefined property: stdClass::$theme_location in C:\Users\Lenovo\Local Sites\artistsbywidad\app\public\wp-content\themes\themeWidad\functions.php on line 35
[21-Oct-2023 07:52:02 UTC] PHP Warning:  Undefined property: stdClass::$theme_location in C:\Users\Lenovo\Local Sites\artistsbywidad\app\public\wp-content\themes\themeWidad\functions.php on line 35
[21-Oct-2023 07:52:43 UTC] PHP Warning:  Undefined property: stdClass::$theme_location in C:\Users\Lenovo\Local Sites\artistsbywidad\app\public\wp-content\themes\themeWidad\functions.php on line 35
[21-Oct-2023 07:53:31 UTC] PHP Warning:  Undefined property: stdClass::$theme_location in C:\Users\Lenovo\Local Sites\artistsbywidad\app\public\wp-content\themes\themeWidad\functions.php on line 35
[21-Oct-2023 07:54:38 UTC] PHP Warning:  Undefined property: stdClass::$theme_location in C:\Users\Lenovo\Local Sites\artistsbywidad\app\public\wp-content\themes\themeWidad\functions.php on line 35
[21-Oct-2023 09:40:09 UTC] PHP Warning:  Attempt to read property "term_id" on bool in C:\Users\Lenovo\Local Sites\artistsbywidad\app\public\wp-content\themes\themeWidad\index.php on line 6
[21-Oct-2023 09:40:09 UTC] PHP Warning:  foreach() argument must be of type array|object, bool given in C:\Users\Lenovo\Local Sites\artistsbywidad\app\public\wp-content\themes\themeWidad\index.php on line 9
[21-Oct-2023 09:40:11 UTC] PHP Warning:  Attempt to read property "term_id" on bool in C:\Users\Lenovo\Local Sites\artistsbywidad\app\public\wp-content\themes\themeWidad\index.php on line 6
[21-Oct-2023 09:40:11 UTC] PHP Warning:  foreach() argument must be of type array|object, bool given in C:\Users\Lenovo\Local Sites\artistsbywidad\app\public\wp-content\themes\themeWidad\index.php on line 9
[21-Oct-2023 09:40:13 UTC] PHP Warning:  Attempt to read property "term_id" on bool in C:\Users\Lenovo\Local Sites\artistsbywidad\app\public\wp-content\themes\themeWidad\index.php on line 6
[21-Oct-2023 09:40:13 UTC] PHP Warning:  foreach() argument must be of type array|object, bool given in C:\Users\Lenovo\Local Sites\artistsbywidad\app\public\wp-content\themes\themeWidad\index.php on line 9
[21-Oct-2023 10:07:41 UTC] PHP Warning:  Attempt to read property "name" on bool in C:\Users\Lenovo\Local Sites\artistsbywidad\app\public\wp-admin\nav-menus.php on line 1137
[21-Oct-2023 11:59:13 UTC] PHP Fatal error:  Cannot redeclare add_menu_item_custom_fields() (previously declared in C:\Users\Lenovo\Local Sites\artistsbywidad\app\public\wp-content\themes\themeWidad\functions.php:41) in C:\Users\Lenovo\Local Sites\artistsbywidad\app\public\wp-content\plugins\music-plugin\custom-menu-fields.php on line 15
[21-Oct-2023 11:59:13 UTC] PHP Fatal error:  Cannot redeclare add_menu_item_custom_fields() (previously declared in C:\Users\Lenovo\Local Sites\artistsbywidad\app\public\wp-content\themes\themeWidad\functions.php:41) in C:\Users\Lenovo\Local Sites\artistsbywidad\app\public\wp-content\plugins\music-plugin\custom-menu-fields.php on line 15
[21-Oct-2023 11:59:13 UTC] PHP Fatal error:  Cannot redeclare add_menu_item_custom_fields() (previously declared in C:\Users\Lenovo\Local Sites\artistsbywidad\app\public\wp-content\themes\themeWidad\functions.php:41) in C:\Users\Lenovo\Local Sites\artistsbywidad\app\public\wp-content\plugins\music-plugin\custom-menu-fields.php on line 15
[22-Oct-2023 06:51:00 UTC] Cron reschedule event error for hook: wp_version_check, Error code: could_not_set, Error message: The cron event list could not be saved., Data: {"schedule":"twicedaily","args":[],"interval":43200}
[22-Oct-2023 10:29:29 UTC] PHP Deprecated:  File Theme without sidebar.php is <strong>deprecated</strong> since version 3.0.0 with no alternative available. Please include a sidebar.php template in your theme. in C:\Users\Lenovo\Local Sites\artistsbywidad\app\public\wp-includes\functions.php on line 5653
[22-Oct-2023 13:39:45 UTC] PHP Warning:  Attempt to read property "term_id" on bool in C:\Users\Lenovo\Local Sites\artistsbywidad\app\public\wp-content\themes\themeMusic\index.php on line 7
[22-Oct-2023 13:39:45 UTC] PHP Warning:  foreach() argument must be of type array|object, bool given in C:\Users\Lenovo\Local Sites\artistsbywidad\app\public\wp-content\themes\themeMusic\index.php on line 10
[22-Oct-2023 13:39:48 UTC] PHP Warning:  Attempt to read property "term_id" on bool in C:\Users\Lenovo\Local Sites\artistsbywidad\app\public\wp-content\themes\themeMusic\index.php on line 7
[22-Oct-2023 13:39:48 UTC] PHP Warning:  foreach() argument must be of type array|object, bool given in C:\Users\Lenovo\Local Sites\artistsbywidad\app\public\wp-content\themes\themeMusic\index.php on line 10
[22-Oct-2023 13:40:03 UTC] PHP Warning:  Attempt to read property "term_id" on bool in C:\Users\Lenovo\Local Sites\artistsbywidad\app\public\wp-content\themes\themeMusic\index.php on line 7
[22-Oct-2023 13:40:03 UTC] PHP Warning:  foreach() argument must be of type array|object, bool given in C:\Users\Lenovo\Local Sites\artistsbywidad\app\public\wp-content\themes\themeMusic\index.php on line 10
[22-Oct-2023 13:40:04 UTC] PHP Warning:  Attempt to read property "term_id" on bool in C:\Users\Lenovo\Local Sites\artistsbywidad\app\public\wp-content\themes\themeMusic\index.php on line 7
[22-Oct-2023 13:40:04 UTC] PHP Warning:  foreach() argument must be of type array|object, bool given in C:\Users\Lenovo\Local Sites\artistsbywidad\app\public\wp-content\themes\themeMusic\index.php on line 10
[22-Oct-2023 13:40:04 UTC] PHP Warning:  Attempt to read property "term_id" on bool in C:\Users\Lenovo\Local Sites\artistsbywidad\app\public\wp-content\themes\themeMusic\index.php on line 7
[22-Oct-2023 13:40:04 UTC] PHP Warning:  foreach() argument must be of type array|object, bool given in C:\Users\Lenovo\Local Sites\artistsbywidad\app\public\wp-content\themes\themeMusic\index.php on line 10
[22-Oct-2023 13:42:33 UTC] PHP Warning:  Attempt to read property "term_id" on bool in C:\Users\Lenovo\Local Sites\artistsbywidad\app\public\wp-content\themes\themeMusic\index.php on line 7
[22-Oct-2023 13:42:33 UTC] PHP Warning:  foreach() argument must be of type array|object, bool given in C:\Users\Lenovo\Local Sites\artistsbywidad\app\public\wp-content\themes\themeMusic\index.php on line 10
[22-Oct-2023 13:42:34 UTC] PHP Warning:  Attempt to read property "term_id" on bool in C:\Users\Lenovo\Local Sites\artistsbywidad\app\public\wp-content\themes\themeMusic\index.php on line 7
[22-Oct-2023 13:42:34 UTC] PHP Warning:  foreach() argument must be of type array|object, bool given in C:\Users\Lenovo\Local Sites\artistsbywidad\app\public\wp-content\themes\themeMusic\index.php on line 10
[22-Oct-2023 13:42:35 UTC] PHP Warning:  Attempt to read property "term_id" on bool in C:\Users\Lenovo\Local Sites\artistsbywidad\app\public\wp-content\themes\themeMusic\index.php on line 7
[22-Oct-2023 13:42:35 UTC] PHP Warning:  foreach() argument must be of type array|object, bool given in C:\Users\Lenovo\Local Sites\artistsbywidad\app\public\wp-content\themes\themeMusic\index.php on line 10
[22-Oct-2023 13:42:35 UTC] PHP Warning:  Attempt to read property "term_id" on bool in C:\Users\Lenovo\Local Sites\artistsbywidad\app\public\wp-content\themes\themeMusic\index.php on line 7
[22-Oct-2023 13:42:35 UTC] PHP Warning:  foreach() argument must be of type array|object, bool given in C:\Users\Lenovo\Local Sites\artistsbywidad\app\public\wp-content\themes\themeMusic\index.php on line 10
[22-Oct-2023 13:42:36 UTC] PHP Warning:  Attempt to read property "term_id" on bool in C:\Users\Lenovo\Local Sites\artistsbywidad\app\public\wp-content\themes\themeMusic\index.php on line 7
[22-Oct-2023 13:42:36 UTC] PHP Warning:  foreach() argument must be of type array|object, bool given in C:\Users\Lenovo\Local Sites\artistsbywidad\app\public\wp-content\themes\themeMusic\index.php on line 10
[23-Oct-2023 06:12:04 UTC] Cron reschedule event error for hook: wp_privacy_delete_old_export_files, Error code: could_not_set, Error message: The cron event list could not be saved., Data: {"schedule":"hourly","args":[],"interval":3600}
[23-Oct-2023 06:27:37 UTC] PHP Warning:  Undefined array key "menu-item-background-image" in C:\Users\Lenovo\Local Sites\artistsbywidad\app\public\wp-content\plugins\custom-music-plugin\custom_fields.php on line 24
[23-Oct-2023 06:42:50 UTC] PHP Warning:  Array to string conversion in C:\Users\Lenovo\Local Sites\artistsbywidad\app\public\wp-admin\edit.php on line 340
[23-Oct-2023 06:42:50 UTC] PHP Warning:  Array to string conversion in C:\Users\Lenovo\Local Sites\artistsbywidad\app\public\wp-admin\edit.php on line 485
[23-Oct-2023 07:44:12 UTC] PHP Warning:  Undefined array key "menu-item-background-image" in C:\Users\Lenovo\Local Sites\artistsbywidad\app\public\wp-content\plugins\custom-music-plugin\custom_fields.php on line 25
[23-Oct-2023 08:03:44 UTC] PHP Fatal error:  Uncaught Error: Call to undefined function get_field() in C:\Users\Lenovo\Local Sites\artistsbywidad\app\public\wp-content\themes\themeMusic\single.php:23
Stack trace:
#0 C:\Users\Lenovo\Local Sites\artistsbywidad\app\public\wp-includes\template-loader.php(106): include()
#1 C:\Users\Lenovo\Local Sites\artistsbywidad\app\public\wp-blog-header.php(19): require_once('C:\\Users\\Lenovo...')
#2 C:\Users\Lenovo\Local Sites\artistsbywidad\app\public\index.php(17): require('C:\\Users\\Lenovo...')
#3 {main}
  thrown in C:\Users\Lenovo\Local Sites\artistsbywidad\app\public\wp-content\themes\themeMusic\single.php on line 23
[23-Oct-2023 08:11:10 UTC] PHP Warning:  Array to string conversion in C:\Users\Lenovo\Local Sites\artistsbywidad\app\public\wp-admin\edit.php on line 340
[23-Oct-2023 08:11:10 UTC] PHP Warning:  Array to string conversion in C:\Users\Lenovo\Local Sites\artistsbywidad\app\public\wp-admin\edit.php on line 485
[23-Oct-2023 08:16:05 UTC] PHP Warning:  Array to string conversion in C:\Users\Lenovo\Local Sites\artistsbywidad\app\public\wp-admin\edit.php on line 340
[23-Oct-2023 08:16:05 UTC] PHP Warning:  Array to string conversion in C:\Users\Lenovo\Local Sites\artistsbywidad\app\public\wp-admin\edit.php on line 485
[23-Oct-2023 08:16:16 UTC] PHP Warning:  Array to string conversion in C:\Users\Lenovo\Local Sites\artistsbywidad\app\public\wp-admin\edit.php on line 340
[23-Oct-2023 08:16:16 UTC] PHP Warning:  Array to string conversion in C:\Users\Lenovo\Local Sites\artistsbywidad\app\public\wp-admin\edit.php on line 485
[23-Oct-2023 08:20:01 UTC] PHP Warning:  Array to string conversion in C:\Users\Lenovo\Local Sites\artistsbywidad\app\public\wp-admin\edit.php on line 340
[23-Oct-2023 08:20:01 UTC] PHP Warning:  Array to string conversion in C:\Users\Lenovo\Local Sites\artistsbywidad\app\public\wp-admin\edit.php on line 485
[23-Oct-2023 08:33:16 UTC] PHP Warning:  Array to string conversion in C:\Users\Lenovo\Local Sites\artistsbywidad\app\public\wp-admin\edit.php on line 340
[23-Oct-2023 08:33:16 UTC] PHP Warning:  Array to string conversion in C:\Users\Lenovo\Local Sites\artistsbywidad\app\public\wp-admin\edit.php on line 485
[23-Oct-2023 08:41:30 UTC] PHP Warning:  Undefined array key "album_name" in C:\Users\Lenovo\Local Sites\artistsbywidad\app\public\wp-content\themes\themeMusic\single.php on line 26
[23-Oct-2023 08:41:30 UTC] PHP Warning:  Undefined array key "artist_name" in C:\Users\Lenovo\Local Sites\artistsbywidad\app\public\wp-content\themes\themeMusic\single.php on line 27
[23-Oct-2023 08:42:27 UTC] PHP Warning:  Undefined variable $album_name in C:\Users\Lenovo\Local Sites\artistsbywidad\app\public\wp-content\themes\themeMusic\single.php on line 45
[23-Oct-2023 08:42:28 UTC] PHP Warning:  Undefined variable $album_name in C:\Users\Lenovo\Local Sites\artistsbywidad\app\public\wp-content\themes\themeMusic\single.php on line 45
[23-Oct-2023 08:42:30 UTC] PHP Warning:  Undefined variable $album_name in C:\Users\Lenovo\Local Sites\artistsbywidad\app\public\wp-content\themes\themeMusic\single.php on line 45
[23-Oct-2023 08:43:25 UTC] PHP Warning:  Undefined variable $album_name in C:\Users\Lenovo\Local Sites\artistsbywidad\app\public\wp-content\themes\themeMusic\single.php on line 45
[23-Oct-2023 09:23:42 UTC] PHP Warning:  Array to string conversion in C:\Users\Lenovo\Local Sites\artistsbywidad\app\public\wp-admin\edit.php on line 340
[23-Oct-2023 09:23:42 UTC] PHP Warning:  Array to string conversion in C:\Users\Lenovo\Local Sites\artistsbywidad\app\public\wp-admin\edit.php on line 485
[23-Oct-2023 09:24:47 UTC] PHP Warning:  Array to string conversion in C:\Users\Lenovo\Local Sites\artistsbywidad\app\public\wp-admin\edit.php on line 340
[23-Oct-2023 09:24:47 UTC] PHP Warning:  Array to string conversion in C:\Users\Lenovo\Local Sites\artistsbywidad\app\public\wp-admin\edit.php on line 485
[23-Oct-2023 09:24:52 UTC] PHP Warning:  Array to string conversion in C:\Users\Lenovo\Local Sites\artistsbywidad\app\public\wp-admin\edit.php on line 340
[23-Oct-2023 09:24:52 UTC] PHP Warning:  Array to string conversion in C:\Users\Lenovo\Local Sites\artistsbywidad\app\public\wp-admin\edit.php on line 485
[23-Oct-2023 09:26:51 UTC] PHP Warning:  Undefined array key "menu-item-background-image" in C:\Users\Lenovo\Local Sites\artistsbywidad\app\public\wp-content\plugins\custom-music-plugin\custom_fields.php on line 26
[23-Oct-2023 09:26:58 UTC] PHP Warning:  Undefined array key "menu-item-background-image" in C:\Users\Lenovo\Local Sites\artistsbywidad\app\public\wp-content\plugins\custom-music-plugin\custom_fields.php on line 26
[23-Oct-2023 11:14:09 UTC] PHP Warning:  Array to string conversion in C:\Users\Lenovo\Local Sites\artistsbywidad\app\public\wp-admin\edit.php on line 340
[23-Oct-2023 11:14:09 UTC] PHP Warning:  Array to string conversion in C:\Users\Lenovo\Local Sites\artistsbywidad\app\public\wp-admin\edit.php on line 485
[23-Oct-2023 12:27:54 UTC] PHP Warning:  Undefined variable $item in C:\Users\Lenovo\Local Sites\artistsbywidad\app\public\wp-content\themes\themeMusic\single.php on line 8
[23-Oct-2023 12:27:54 UTC] PHP Warning:  Attempt to read property "ID" on null in C:\Users\Lenovo\Local Sites\artistsbywidad\app\public\wp-content\themes\themeMusic\single.php on line 8
[23-Oct-2023 12:28:00 UTC] PHP Warning:  Undefined variable $item in C:\Users\Lenovo\Local Sites\artistsbywidad\app\public\wp-content\themes\themeMusic\single.php on line 8
[23-Oct-2023 12:28:00 UTC] PHP Warning:  Attempt to read property "ID" on null in C:\Users\Lenovo\Local Sites\artistsbywidad\app\public\wp-content\themes\themeMusic\single.php on line 8
[23-Oct-2023 12:28:39 UTC] PHP Warning:  Undefined variable $item in C:\Users\Lenovo\Local Sites\artistsbywidad\app\public\wp-content\themes\themeMusic\single.php on line 8
[23-Oct-2023 12:28:39 UTC] PHP Warning:  Attempt to read property "ID" on null in C:\Users\Lenovo\Local Sites\artistsbywidad\app\public\wp-content\themes\themeMusic\single.php on line 8
[23-Oct-2023 12:28:41 UTC] PHP Warning:  Undefined variable $item in C:\Users\Lenovo\Local Sites\artistsbywidad\app\public\wp-content\themes\themeMusic\single.php on line 8
[23-Oct-2023 12:28:41 UTC] PHP Warning:  Attempt to read property "ID" on null in C:\Users\Lenovo\Local Sites\artistsbywidad\app\public\wp-content\themes\themeMusic\single.php on line 8
[24-Oct-2023 06:26:36 UTC] PHP Warning:  Undefined array key "menu-item-background-image" in C:\Users\Lenovo\Local Sites\artistsbywidad\app\public\wp-content\plugins\custom-music-plugin\custom_fields.php on line 41
